2011/12/01 14:00:53 [error] [php] Undefined variable: APPLICATION (/Users/servak/html/rosyama/protected/views/layouts/main.php:4)
Stack trace:
#0 /Users/servak/html/yii-last/framework/web/widgets/CContentDecorator.php(78): SiteController->renderFile()
#1 /Users/servak/html/yii-last/framework/web/widgets/CContentDecorator.php(56): CContentDecorator->decorate()
#2 /Users/servak/html/yii-last/framework/web/widgets/COutputProcessor.php(45): CContentDecorator->processOutput()
#3 /Users/servak/html/yii-last/framework/web/CBaseController.php(199): CContentDecorator->run()
#4 /Users/servak/html/yii-last/framework/web/CBaseController.php(294): SiteController->endWidget()
#5 /Users/servak/html/rosyama/protected/views/layouts/column1.php(7): SiteController->endContent()
#6 /Users/servak/html/yii-last/framework/web/CBaseController.php(119): require()
#7 /Users/servak/html/yii-last/framework/web/CBaseController.php(88): SiteController->renderInternal()
#8 /Users/servak/html/yii-last/framework/web/CController.php(781): SiteController->renderFile()
#9 /Users/servak/html/rosyama/protected/controllers/SiteController.php(32): SiteController->render()
#10 /Users/servak/html/yii-last/framework/web/actions/CInlineAction.php(50): SiteController->actionIndex()
#11 /Users/servak/html/yii-last/framework/web/CController.php(300): CInlineAction->runWithParams()
#12 /Users/servak/html/yii-last/framework/web/CController.php(278): SiteController->runAction()
#13 /Users/servak/html/yii-last/framework/web/CController.php(257): SiteController->runActionWithFilters()
#14 /Users/servak/html/yii-last/framework/web/CWebApplication.php(277): SiteController->run()
#15 /Users/servak/html/yii-last/framework/web/CWebApplication.php(136): CWebApplication->runController()
#16 /Users/servak/html/yii-last/framework/base/CApplication.php(158): CWebApplication->processRequest()
#17 /Users/servak/html/rosyama/index.php(13): CWebApplication->run()
REQUEST_URI=/index.php?r=site/index
in /Users/servak/html/rosyama/protected/views/layouts/main.php (4)
in /Users/servak/html/rosyama/protected/views/layouts/column1.php (7)
in /Users/servak/html/rosyama/protected/controllers/SiteController.php (32)
2011/12/01 14:35:13 [error] [php] Undefined variable: APPLICATION (/Users/servak/html/rosyama/protected/views/layouts/main.php:105)
Stack trace:
#0 /Users/servak/html/yii-last/framework/web/widgets/CContentDecorator.php(78): SiteController->renderFile()
#1 /Users/servak/html/yii-last/framework/web/widgets/CContentDecorator.php(56): CContentDecorator->decorate()
#2 /Users/servak/html/yii-last/framework/web/widgets/COutputProcessor.php(45): CContentDecorator->processOutput()
#3 /Users/servak/html/yii-last/framework/web/CBaseController.php(199): CContentDecorator->run()
#4 /Users/servak/html/yii-last/framework/web/CBaseController.php(294): SiteController->endWidget()
#5 /Users/servak/html/rosyama/protected/views/layouts/column1.php(7): SiteController->endContent()
#6 /Users/servak/html/yii-last/framework/web/CBaseController.php(119): require()
#7 /Users/servak/html/yii-last/framework/web/CBaseController.php(88): SiteController->renderInternal()
#8 /Users/servak/html/yii-last/framework/web/CController.php(781): SiteController->renderFile()
#9 /Users/servak/html/rosyama/protected/controllers/SiteController.php(32): SiteController->render()
#10 /Users/servak/html/yii-last/framework/web/actions/CInlineAction.php(50): SiteController->actionIndex()
#11 /Users/servak/html/yii-last/framework/web/CController.php(300): CInlineAction->runWithParams()
#12 /Users/servak/html/yii-last/framework/web/CController.php(278): SiteController->runAction()
#13 /Users/servak/html/yii-last/framework/web/CController.php(257): SiteController->runActionWithFilters()
#14 /Users/servak/html/yii-last/framework/web/CWebApplication.php(277): SiteController->run()
#15 /Users/servak/html/yii-last/framework/web/CWebApplication.php(136): CWebApplication->runController()
#16 /Users/servak/html/yii-last/framework/base/CApplication.php(158): CWebApplication->processRequest()
#17 /Users/servak/html/rosyama/index.php(13): CWebApplication->run()
REQUEST_URI=/index.php?r=site/index
in /Users/servak/html/rosyama/protected/views/layouts/main.php (105)
in /Users/servak/html/rosyama/protected/views/layouts/column1.php (7)
in /Users/servak/html/rosyama/protected/controllers/SiteController.php (32)
2011/12/01 14:52:37 [error] [php] require(/Users/servak/html/rosyama/bitrix/footer.php) [<a href='function.require'>function.require</a>]: failed to open stream: No such file or directory (/Users/servak/html/rosyama/protected/views/site/pages/about.php:49)
Stack trace:
#0 /Users/servak/html/yii-last/framework/web/CBaseController.php(88): SiteController->renderInternal()
#1 /Users/servak/html/yii-last/framework/web/CController.php(866): SiteController->renderFile()
#2 /Users/servak/html/yii-last/framework/web/CController.php(779): SiteController->renderPartial()
#3 /Users/servak/html/yii-last/framework/web/actions/CViewAction.php(138): SiteController->render()
#4 /Users/servak/html/yii-last/framework/web/actions/CAction.php(72): CViewAction->run()
#5 /Users/servak/html/yii-last/framework/web/CController.php(300): CViewAction->runWithParams()
#6 /Users/servak/html/yii-last/framework/web/CController.php(278): SiteController->runAction()
#7 /Users/servak/html/yii-last/framework/web/CController.php(257): SiteController->runActionWithFilters()
#8 /Users/servak/html/yii-last/framework/web/CWebApplication.php(277): SiteController->run()
#9 /Users/servak/html/yii-last/framework/web/CWebApplication.php(136): CWebApplication->runController()
#10 /Users/servak/html/yii-last/framework/base/CApplication.php(158): CWebApplication->processRequest()
#11 /Users/servak/html/rosyama/index.php(13): CWebApplication->run()
REQUEST_URI=/index.php?r=site/page&view=about
in /Users/servak/html/rosyama/protected/views/site/pages/about.php (49)
in /Users/servak/html/rosyama/protected/views/site/pages/about.php (49)
in /Users/servak/html/rosyama/index.php (13)
2011/12/13 00:23:48 [error] [system.db.CDbCommand] Не удалось выполнить CDbCommand::execute(): SQLSTATE[42S01]: Base table or view already exists: 1050 Table 'yii_usergroups_group' already exists. Выполнявшийся SQL-запрос: CREATE TABLE yii_usergroups_group
				(
				id BIGINT(20) AUTO_INCREMENT,
				groupname VARCHAR(120) NOT NULL UNIQUE,
				level INT(6),
				home VARCHAR(120) DEFAULT NULL,
				PRIMARY KEY (id)
				) ENGINE=InnoDB;.
in /Users/servak/html/RosYama.2/protected/modules/userGroups/controllers/InstallController.php (129)
in /Users/servak/html/RosYama.2/protected/modules/userGroups/controllers/InstallController.php (40)
in /Users/servak/html/RosYama.2/index.php (13)
2011/12/13 00:56:22 [error] [system.db.CDbCommand] Не удалось выполнить CDbCommand::fetchAll(): SQLSTATE[42S02]: Base table or view not found: 1146 Table 'rosyama.holes' doesn't exist. Выполнявшийся SQL-запрос: SHOW COLUMNS FROM `holes`.
in /Users/servak/html/RosYama.2/index.php (14)
2011/12/13 00:56:59 [error] [system.db.CDbCommand] Не удалось выполнить CDbCommand::fetchAll(): SQLSTATE[42S02]: Base table or view not found: 1146 Table 'rosyama.holes' doesn't exist. Выполнявшийся SQL-запрос: SHOW COLUMNS FROM `holes`.
in /Users/servak/html/RosYama.2/index.php (14)
2012/01/19 01:23:41 [error] [system.db.CDbCommand] Не удалось выполнить CDbCommand::fetchAll(): SQLSTATE[42S22]: Column not found: 1054 Unknown column 't.USER_ID' in 'where clause'. Выполнявшийся SQL-запрос: SELECT `creator_request_gibdd`.`id` AS `t1_c0`, `creator_request_gibdd`.`hole_id` AS `t1_c1`, `creator_request_gibdd`.`user_id` AS `t1_c2`, `creator_request_gibdd`.`gibdd_id` AS `t1_c3`, `creator_request_gibdd`.`date_sent` AS `t1_c4`, `creator_request_gibdd`.`type` AS `t1_c5` FROM `yii_hole_requests` `creator_request_gibdd`  WHERE (creator_request_gibdd.type="gibdd" AND creator_request_gibdd.user_id=t.USER_ID) AND (`creator_request_gibdd`.`hole_id`=:ypl0). Bound with :ypl0='36'.
in /Users/servak/html/RosYama.2/protected/models/Holes.php (453)
in /Users/servak/html/RosYama.2/protected/controllers/HolesController.php (615)
in /Users/servak/html/RosYama.2/protected/controllers/HolesController.php (114)
2012/01/19 01:32:46 [error] [system.db.CDbCommand] Не удалось выполнить CDbCommand::fetchAll(): SQLSTATE[HY093]: Invalid parameter number: number of bound variables does not match number of tokens. Выполнявшийся SQL-запрос: SELECT `creator_request_gibdd`.`id` AS `t1_c0`, `creator_request_gibdd`.`hole_id` AS `t1_c1`, `creator_request_gibdd`.`user_id` AS `t1_c2`, `creator_request_gibdd`.`gibdd_id` AS `t1_c3`, `creator_request_gibdd`.`date_sent` AS `t1_c4`, `creator_request_gibdd`.`type` AS `t1_c5` FROM `yii_hole_requests` `creator_request_gibdd`  WHERE (creator_request_gibdd.type="gibdd" AND creator_request_gibdd.user_id=:ypl20) AND (`creator_request_gibdd`.`hole_id`=:ypl0). Bound with :ypl0='36'.
in /Users/servak/html/RosYama.2/protected/models/Holes.php (453)
in /Users/servak/html/RosYama.2/protected/controllers/HolesController.php (615)
in /Users/servak/html/RosYama.2/protected/controllers/HolesController.php (114)
2012/03/23 01:06:09 [error] [system.db.CDbCommand] Не удалось выполнить CDbCommand::fetchAll(): SQLSTATE[42S22]: Column not found: 1054 Unknown column 'requests_gibdd.user_id' in 'where clause'. Выполнявшийся SQL-запрос: SELECT `t`.`ID` AS `t0_c0`, `t`.`USER_ID` AS `t0_c1`, `t`.`LATITUDE` AS `t0_c2`, `t`.`LONGITUDE` AS `t0_c3`, `t`.`ADDRESS` AS `t0_c4`, `t`.`STATE` AS `t0_c5`, `t`.`DATE_CREATED` AS `t0_c6`, `t`.`DATE_SENT` AS `t0_c7`, `t`.`DATE_STATUS` AS `t0_c8`, `t`.`COMMENT1` AS `t0_c9`, `t`.`COMMENT2` AS `t0_c10`, `t`.`TYPE_ID` AS `t0_c11`, `t`.`ADR_SUBJECTRF` AS `t0_c12`, `t`.`gibdd_id` AS `t0_c13`, `t`.`ADR_CITY` AS `t0_c14`, `t`.`COMMENT_GIBDD_REPLY` AS `t0_c15`, `t`.`GIBDD_REPLY_RECEIVED` AS `t0_c16`, `t`.`PREMODERATED` AS `t0_c17`, `t`.`DATE_SENT_PROSECUTOR` AS `t0_c18`, `type`.`id` AS `t2_c0`, `type`.`alias` AS `t2_c1`, `type`.`name` AS `t2_c2`, `type`.`pdf_body` AS `t2_c3`, `type`.`pdf_footer` AS `t2_c4`, `type`.`published` AS `t2_c5`, `type`.`ordering` AS `t2_c6` FROM `yii_holes` `t`  LEFT OUTER JOIN `yii_hole_types` `type` ON (`t`.`TYPE_ID`=`type`.`id`)  WHERE (t.USER_ID=2 OR requests_gibdd.user_id=2) ORDER BY t.DATE_CREATED DESC LIMIT 12.
in /Users/servak/html/RosYama.2/protected/views/holes/personal.php (76)
in /Users/servak/html/RosYama.2/protected/controllers/HolesController.php (612)
in /Users/servak/html/RosYama.2/protected/components/Controller.php (45)
2012/03/23 01:07:15 [error] [system.db.CDbCommand] Не удалось выполнить CDbCommand::fetchAll(): SQLSTATE[23000]: Integrity constraint violation: 1052 Column 'date_sent' in order clause is ambiguous. Выполнявшийся SQL-запрос: SELECT `t`.`ID` AS `t0_c0`, `t`.`USER_ID` AS `t0_c1`, `t`.`LATITUDE` AS `t0_c2`, `t`.`LONGITUDE` AS `t0_c3`, `t`.`ADDRESS` AS `t0_c4`, `t`.`STATE` AS `t0_c5`, `t`.`DATE_CREATED` AS `t0_c6`, `t`.`DATE_SENT` AS `t0_c7`, `t`.`DATE_STATUS` AS `t0_c8`, `t`.`COMMENT1` AS `t0_c9`, `t`.`COMMENT2` AS `t0_c10`, `t`.`TYPE_ID` AS `t0_c11`, `t`.`ADR_SUBJECTRF` AS `t0_c12`, `t`.`gibdd_id` AS `t0_c13`, `t`.`ADR_CITY` AS `t0_c14`, `t`.`COMMENT_GIBDD_REPLY` AS `t0_c15`, `t`.`GIBDD_REPLY_RECEIVED` AS `t0_c16`, `t`.`PREMODERATED` AS `t0_c17`, `t`.`DATE_SENT_PROSECUTOR` AS `t0_c18`, `requests_gibdd`.`id` AS `t1_c0`, `requests_gibdd`.`hole_id` AS `t1_c1`, `requests_gibdd`.`user_id` AS `t1_c2`, `requests_gibdd`.`gibdd_id` AS `t1_c3`, `requests_gibdd`.`date_sent` AS `t1_c4`, `requests_gibdd`.`type` AS `t1_c5`, `type`.`id` AS `t2_c0`, `type`.`alias` AS `t2_c1`, `type`.`name` AS `t2_c2`, `type`.`pdf_body` AS `t2_c3`, `type`.`pdf_footer` AS `t2_c4`, `type`.`published` AS `t2_c5`, `type`.`ordering` AS `t2_c6`, `pictures_fresh`.`id` AS `t3_c0`, `pictures_fresh`.`hole_id` AS `t3_c1`, `pictures_fresh`.`user_id` AS `t3_c2`, `pictures_fresh`.`type` AS `t3_c3`, `pictures_fresh`.`filename` AS `t3_c4`, `pictures_fresh`.`ordering` AS `t3_c5` FROM `yii_holes` `t`  LEFT OUTER JOIN `yii_hole_requests` `requests_gibdd` ON (`requests_gibdd`.`hole_id`=`t`.`ID`)  LEFT OUTER JOIN `yii_hole_types` `type` ON (`t`.`TYPE_ID`=`type`.`id`)  LEFT OUTER JOIN `yii_hole_pictures` `pictures_fresh` ON (`pictures_fresh`.`hole_id`=`t`.`ID`)  WHERE (t.USER_ID=2 OR requests_gibdd.user_id=2) AND (requests_gibdd.type="gibdd") AND (pictures_fresh.type="fresh") ORDER BY t.DATE_CREATED DESC, date_sent ASC, pictures_fresh.ordering LIMIT 12.
in /Users/servak/html/RosYama.2/protected/views/holes/personal.php (76)
in /Users/servak/html/RosYama.2/protected/controllers/HolesController.php (612)
in /Users/servak/html/RosYama.2/protected/components/Controller.php (45)
2012/03/23 01:08:42 [error] [system.db.CDbCommand] Не удалось выполнить CDbCommand::fetchAll(): SQLSTATE[42S22]: Column not found: 1054 Unknown column 'requests_gibdd.user_id' in 'where clause'. Выполнявшийся SQL-запрос: SELECT `t`.`ID` AS `t0_c0`, `t`.`USER_ID` AS `t0_c1`, `t`.`LATITUDE` AS `t0_c2`, `t`.`LONGITUDE` AS `t0_c3`, `t`.`ADDRESS` AS `t0_c4`, `t`.`STATE` AS `t0_c5`, `t`.`DATE_CREATED` AS `t0_c6`, `t`.`DATE_SENT` AS `t0_c7`, `t`.`DATE_STATUS` AS `t0_c8`, `t`.`COMMENT1` AS `t0_c9`, `t`.`COMMENT2` AS `t0_c10`, `t`.`TYPE_ID` AS `t0_c11`, `t`.`ADR_SUBJECTRF` AS `t0_c12`, `t`.`gibdd_id` AS `t0_c13`, `t`.`ADR_CITY` AS `t0_c14`, `t`.`COMMENT_GIBDD_REPLY` AS `t0_c15`, `t`.`GIBDD_REPLY_RECEIVED` AS `t0_c16`, `t`.`PREMODERATED` AS `t0_c17`, `t`.`DATE_SENT_PROSECUTOR` AS `t0_c18`, `type`.`id` AS `t2_c0`, `type`.`alias` AS `t2_c1`, `type`.`name` AS `t2_c2`, `type`.`pdf_body` AS `t2_c3`, `type`.`pdf_footer` AS `t2_c4`, `type`.`published` AS `t2_c5`, `type`.`ordering` AS `t2_c6` FROM `yii_holes` `t`  LEFT OUTER JOIN `yii_hole_types` `type` ON (`t`.`TYPE_ID`=`type`.`id`)  WHERE (t.USER_ID=2 OR requests_gibdd.user_id=2) ORDER BY t.DATE_CREATED DESC LIMIT 12.
in /Users/servak/html/RosYama.2/protected/views/holes/personal.php (76)
in /Users/servak/html/RosYama.2/protected/controllers/HolesController.php (612)
in /Users/servak/html/RosYama.2/protected/components/Controller.php (45)
2012/03/23 01:08:57 [error] [system.db.CDbCommand] Не удалось выполнить CDbCommand::fetchAll(): SQLSTATE[42S22]: Column not found: 1054 Unknown column 'requests_gibdd.user_id' in 'where clause'. Выполнявшийся SQL-запрос: SELECT `t`.`ID` AS `t0_c0`, `t`.`USER_ID` AS `t0_c1`, `t`.`LATITUDE` AS `t0_c2`, `t`.`LONGITUDE` AS `t0_c3`, `t`.`ADDRESS` AS `t0_c4`, `t`.`STATE` AS `t0_c5`, `t`.`DATE_CREATED` AS `t0_c6`, `t`.`DATE_SENT` AS `t0_c7`, `t`.`DATE_STATUS` AS `t0_c8`, `t`.`COMMENT1` AS `t0_c9`, `t`.`COMMENT2` AS `t0_c10`, `t`.`TYPE_ID` AS `t0_c11`, `t`.`ADR_SUBJECTRF` AS `t0_c12`, `t`.`gibdd_id` AS `t0_c13`, `t`.`ADR_CITY` AS `t0_c14`, `t`.`COMMENT_GIBDD_REPLY` AS `t0_c15`, `t`.`GIBDD_REPLY_RECEIVED` AS `t0_c16`, `t`.`PREMODERATED` AS `t0_c17`, `t`.`DATE_SENT_PROSECUTOR` AS `t0_c18`, `type`.`id` AS `t2_c0`, `type`.`alias` AS `t2_c1`, `type`.`name` AS `t2_c2`, `type`.`pdf_body` AS `t2_c3`, `type`.`pdf_footer` AS `t2_c4`, `type`.`published` AS `t2_c5`, `type`.`ordering` AS `t2_c6` FROM `yii_holes` `t`  LEFT OUTER JOIN `yii_hole_types` `type` ON (`t`.`TYPE_ID`=`type`.`id`)  WHERE (t.USER_ID=2 OR requests_gibdd.user_id=2) ORDER BY t.DATE_CREATED DESC LIMIT 12.
in /Users/servak/html/RosYama.2/protected/views/holes/personal.php (76)
in /Users/servak/html/RosYama.2/protected/controllers/HolesController.php (612)
in /Users/servak/html/RosYama.2/protected/components/Controller.php (45)
2012/03/23 01:14:13 [error] [system.db.CDbCommand] Не удалось выполнить CDbCommand::fetchAll(): SQLSTATE[42S22]: Column not found: 1054 Unknown column 'requests_gibdd.user_id' in 'where clause'. Выполнявшийся SQL-запрос: SELECT `t`.`ID` AS `t0_c0`, `t`.`USER_ID` AS `t0_c1`, `t`.`LATITUDE` AS `t0_c2`, `t`.`LONGITUDE` AS `t0_c3`, `t`.`ADDRESS` AS `t0_c4`, `t`.`STATE` AS `t0_c5`, `t`.`DATE_CREATED` AS `t0_c6`, `t`.`DATE_SENT` AS `t0_c7`, `t`.`DATE_STATUS` AS `t0_c8`, `t`.`COMMENT1` AS `t0_c9`, `t`.`COMMENT2` AS `t0_c10`, `t`.`TYPE_ID` AS `t0_c11`, `t`.`ADR_SUBJECTRF` AS `t0_c12`, `t`.`gibdd_id` AS `t0_c13`, `t`.`ADR_CITY` AS `t0_c14`, `t`.`COMMENT_GIBDD_REPLY` AS `t0_c15`, `t`.`GIBDD_REPLY_RECEIVED` AS `t0_c16`, `t`.`PREMODERATED` AS `t0_c17`, `t`.`DATE_SENT_PROSECUTOR` AS `t0_c18`, `type`.`id` AS `t2_c0`, `type`.`alias` AS `t2_c1`, `type`.`name` AS `t2_c2`, `type`.`pdf_body` AS `t2_c3`, `type`.`pdf_footer` AS `t2_c4`, `type`.`published` AS `t2_c5`, `type`.`ordering` AS `t2_c6` FROM `yii_holes` `t`  LEFT OUTER JOIN `yii_hole_types` `type` ON (`t`.`TYPE_ID`=`type`.`id`)  WHERE (t.USER_ID=2 OR requests_gibdd.user_id=2) ORDER BY t.DATE_CREATED DESC LIMIT 12.
in /Users/servak/html/RosYama.2/protected/views/holes/personal.php (76)
in /Users/servak/html/RosYama.2/protected/controllers/HolesController.php (612)
in /Users/servak/html/RosYama.2/protected/components/Controller.php (45)
2012/03/23 01:16:44 [error] [system.db.CDbCommand] Не удалось выполнить CDbCommand::fetchColumn(): SQLSTATE[42000]: Syntax error or access violation: 1066 Not unique table/alias: 'requests_gibdd'. Выполнявшийся SQL-запрос: SELECT COUNT(DISTINCT `t`.`ID`) FROM `yii_holes` `t` LEFT OUTER JOIN `yii_hole_requests` `requests_gibdd` ON (`requests_gibdd`.`hole_id`=`t`.`ID`) LEFT OUTER JOIN `yii_hole_requests` `requests_gibdd` ON (`requests_gibdd`.`hole_id`=`t`.`ID`)  LEFT OUTER JOIN `yii_hole_types` `type` ON (`t`.`TYPE_ID`=`type`.`id`)  LEFT OUTER JOIN `yii_hole_pictures` `pictures_fresh` ON (`pictures_fresh`.`hole_id`=`t`.`ID`)  WHERE (t.USER_ID=2 OR requests_gibdd.user_id=2) AND (requests_gibdd.type="gibdd") AND (pictures_fresh.type="fresh").
in /Users/servak/html/RosYama.2/protected/views/holes/personal.php (76)
in /Users/servak/html/RosYama.2/protected/controllers/HolesController.php (612)
in /Users/servak/html/RosYama.2/protected/components/Controller.php (45)
2012/03/23 01:17:15 [error] [system.db.CDbCommand] Не удалось выполнить CDbCommand::fetchAll(): SQLSTATE[42S22]: Column not found: 1054 Unknown column 'requests_gibdd.user_id' in 'where clause'. Выполнявшийся SQL-запрос: SELECT `t`.`ID` AS `t0_c0`, `t`.`USER_ID` AS `t0_c1`, `t`.`LATITUDE` AS `t0_c2`, `t`.`LONGITUDE` AS `t0_c3`, `t`.`ADDRESS` AS `t0_c4`, `t`.`STATE` AS `t0_c5`, `t`.`DATE_CREATED` AS `t0_c6`, `t`.`DATE_SENT` AS `t0_c7`, `t`.`DATE_STATUS` AS `t0_c8`, `t`.`COMMENT1` AS `t0_c9`, `t`.`COMMENT2` AS `t0_c10`, `t`.`TYPE_ID` AS `t0_c11`, `t`.`ADR_SUBJECTRF` AS `t0_c12`, `t`.`gibdd_id` AS `t0_c13`, `t`.`ADR_CITY` AS `t0_c14`, `t`.`COMMENT_GIBDD_REPLY` AS `t0_c15`, `t`.`GIBDD_REPLY_RECEIVED` AS `t0_c16`, `t`.`PREMODERATED` AS `t0_c17`, `t`.`DATE_SENT_PROSECUTOR` AS `t0_c18`, `type`.`id` AS `t2_c0`, `type`.`alias` AS `t2_c1`, `type`.`name` AS `t2_c2`, `type`.`pdf_body` AS `t2_c3`, `type`.`pdf_footer` AS `t2_c4`, `type`.`published` AS `t2_c5`, `type`.`ordering` AS `t2_c6` FROM `yii_holes` `t` LEFT OUTER JOIN `yii_hole_requests` `requests` ON (`requests`.`hole_id`=`t`.`ID`) LEFT OUTER JOIN `yii_hole_types` `type` ON (`t`.`TYPE_ID`=`type`.`id`)  WHERE (t.USER_ID=2 OR requests_gibdd.user_id=2) ORDER BY t.DATE_CREATED DESC LIMIT 12.
in /Users/servak/html/RosYama.2/protected/views/holes/personal.php (76)
in /Users/servak/html/RosYama.2/protected/controllers/HolesController.php (612)
in /Users/servak/html/RosYama.2/protected/components/Controller.php (45)
